<?xml version="1.0" encoding="UTF-8"?>
<testng-results skipped="0" failed="0" ignored="1" total="4" passed="3">
  <reporter-output>
  </reporter-output>
  <suite name="Default suite" duration-ms="21810" started-at="2021-12-02T14:37:20 IST" finished-at="2021-12-02T14:37:42 IST">
    <groups>
    </groups>
    <test name="Default test" duration-ms="21810" started-at="2021-12-02T14:37:20 IST" finished-at="2021-12-02T14:37:42 IST">
      <class name="APITest.E_commerce">
        <test-method status="PASS" signature="login()[pri:1, instance:APITest.E_commerce@556333]" name="login" duration-ms="16869" started-at="2021-12-02T14:37:20 IST" finished-at="2021-12-02T14:37:37 IST">
          <reporter-output>
          </reporter-output>
        </test-method> <!-- login -->
        <test-method status="PASS" signature="getusers()[pri:2, instance:APITest.E_commerce@556333]" name="getusers" duration-ms="3269" started-at="2021-12-02T14:37:37 IST" finished-at="2021-12-02T14:37:40 IST">
          <reporter-output>
          </reporter-output>
        </test-method> <!-- getusers -->
        <test-method status="PASS" signature="delete()[pri:3, instance:APITest.E_commerce@556333]" name="delete" duration-ms="1577" started-at="2021-12-02T14:37:40 IST" finished-at="2021-12-02T14:37:42 IST">
          <reporter-output>
          </reporter-output>
        </test-method> <!-- delete -->
      </class> <!-- APITest.E_commerce -->
    </test> <!-- Default test -->
  </suite> <!-- Default suite -->
</testng-results>
