<?xml version="1.0" encoding="UTF-8"?>
<!-- Generated by org.testng.reporters.JUnitXMLReporter -->
<testsuite hostname="DESKTOP-56UM7GO" ignored="1" name="Default test" tests="3" failures="0" timestamp="2021-12-02T14:37:42 IST" time="21.81" errors="0">
  <testcase name="login" time="16.869" classname="APITest.E_commerce"/>
  <testcase name="getusers" time="3.269" classname="APITest.E_commerce"/>
  <testcase name="delete" time="1.577" classname="APITest.E_commerce"/>
  <testcase name="signup" time="0.0" classname="APITest.E_commerce">
    <ignored/>
  </testcase> <!-- signup -->
</testsuite> <!-- Default test -->
